<?xml version="1.0" encoding="UTF-8" ?>
<testsuite errors="0" failures="0" hostname="Thinkpad" name="finale.CalendarTest" tests="9" time="107.328" timestamp="2009-06-29T12:54:12">
  <properties>
    <property name="java.runtime.name" value="Java(TM) SE Runtime Environment" />
    <property name="sun.boot.library.path" value="C:\Program Files\Java\jdk1.6.0_14\jre\bin" />
    <property name="java.vm.version" value="14.0-b16" />
    <property name="java.vm.vendor" value="Sun Microsystems Inc." />
    <property name="java.vendor.url" value="http://java.sun.com/" />
    <property name="path.separator" value=";" />
    <property name="java.vm.name" value="Java HotSpot(TM) Client VM" />
    <property name="file.encoding.pkg" value="sun.io" />
    <property name="user.country" value="CZ" />
    <property name="sun.java.launcher" value="SUN_STANDARD" />
    <property name="sun.os.patch.level" value="Service Pack 3" />
    <property name="java.vm.specification.name" value="Java Virtual Machine Specification" />
    <property name="user.dir" value="C:\projects\java\Finale\Finale" />
    <property name="java.runtime.version" value="1.6.0_14-b08" />
    <property name="java.awt.graphicsenv" value="sun.awt.Win32GraphicsEnvironment" />
    <property name="java.endorsed.dirs" value="C:\Program Files\Java\jdk1.6.0_14\jre\lib\endorsed" />
    <property name="os.arch" value="x86" />
    <property name="java.io.tmpdir" value="C:\DOCUME~1\ESTK~1\LOCALS~1\Temp\" />
    <property name="line.separator" value="
" />
    <property name="java.vm.specification.vendor" value="Sun Microsystems Inc." />
    <property name="user.variant" value="" />
    <property name="os.name" value="Windows XP" />
    <property name="sun.jnu.encoding" value="Cp1250" />
    <property name="java.library.path" value="C:\Program Files\Java\jdk1.6.0_14\bin;.;C:\WINDOWS\Sun\Java\bin;C:\WINDOWS\system32;C:\WINDOWS;C:\Oracle\Client\bin;C:\blp\API\dde;C:\Program Files\ThinkPad\Utilities;C:\WINDOWS\system32;C:\WINDOWS;C:\WINDOWS\System32\Wbem;C:\Program Files\ATI Technologies\ATI Control Panel;C:\Program Files\ThinkPad\ConnectUtilities;C:\Program Files\Intel\Wireless\Bin\;C:\blp\API;C:\Program Files\Common Files\Lenovo;C:\Program Files\ATI Technologies\ATI.ACE\Core-Static;C:\Program Files\Intel\Wireless\Bin\;C:\Program Files\Intel\Wireless\Bin\;C:\Program Files\Mercurial;C:\Program Files\QuickTime\QTSystem\;C:\Sun\SDK\bin" />
    <property name="java.specification.name" value="Java Platform API Specification" />
    <property name="java.class.version" value="50.0" />
    <property name="sun.management.compiler" value="HotSpot Client Compiler" />
    <property name="os.version" value="5.1" />
    <property name="user.home" value="C:\Documents and Settings\Šesták" />
    <property name="user.timezone" value="" />
    <property name="java.awt.printerjob" value="sun.awt.windows.WPrinterJob" />
    <property name="file.encoding" value="Cp1250" />
    <property name="java.specification.version" value="1.6" />
    <property name="user.name" value="Šesták" />
    <property name="java.class.path" value="C:\Program Files\NetBeans 6.5.1\java2\ant\patches\72080.jar;C:\Program Files\NetBeans 6.5.1\java2\ant\patches\ant-42275.jar;C:\Program Files\NetBeans 6.5.1\java2\ant\lib\ant.jar;C:\Program Files\NetBeans 6.5.1\java2\ant\lib\ant-junit.jar;C:\projects\java\Finale\Finale\build\classes;C:\projects\java\Finale\Finale\src;C:\Program Files\NetBeans 6.5.1\platform9\modules\ext\junit-4.5.jar;C:\projects\java\Finale\Finale\build\test\classes;C:\projects\java\Finale\Finale\test" />
    <property name="java.vm.specification.version" value="1.0" />
    <property name="sun.arch.data.model" value="32" />
    <property name="java.home" value="C:\Program Files\Java\jdk1.6.0_14\jre" />
    <property name="java.specification.vendor" value="Sun Microsystems Inc." />
    <property name="user.language" value="cs" />
    <property name="awt.toolkit" value="sun.awt.windows.WToolkit" />
    <property name="java.vm.info" value="mixed mode" />
    <property name="java.version" value="1.6.0_14" />
    <property name="java.ext.dirs" value="C:\Program Files\Java\jdk1.6.0_14\jre\lib\ext;C:\WINDOWS\Sun\Java\lib\ext" />
    <property name="sun.boot.class.path" value="C:\Program Files\Java\jdk1.6.0_14\jre\lib\resources.jar;C:\Program Files\Java\jdk1.6.0_14\jre\lib\rt.jar;C:\Program Files\Java\jdk1.6.0_14\jre\lib\sunrsasign.jar;C:\Program Files\Java\jdk1.6.0_14\jre\lib\jsse.jar;C:\Program Files\Java\jdk1.6.0_14\jre\lib\jce.jar;C:\Program Files\Java\jdk1.6.0_14\jre\lib\charsets.jar;C:\Program Files\Java\jdk1.6.0_14\jre\classes" />
    <property name="java.vendor" value="Sun Microsystems Inc." />
    <property name="file.separator" value="\" />
    <property name="java.vendor.url.bug" value="http://java.sun.com/cgi-bin/bugreport.cgi" />
    <property name="sun.cpu.endian" value="little" />
    <property name="sun.io.unicode.encoding" value="UnicodeLittle" />
    <property name="sun.desktop" value="windows" />
    <property name="sun.cpu.isalist" value="pentium_pro+mmx pentium_pro pentium+mmx pentium i486 i386 i86" />
  </properties>
  <testcase classname="finale.CalendarTest" name="testIsHoliday" time="0.063" />
  <testcase classname="finale.CalendarTest" name="testGetNextWorkDay" time="0.0" />
  <testcase classname="finale.CalendarTest" name="testGetPrevWorkDay" time="0.0" />
  <testcase classname="finale.CalendarTest" name="testGetWorkDay" time="107.062" />
  <testcase classname="finale.CalendarTest" name="testIsWeekDay" time="0.0" />
  <testcase classname="finale.CalendarTest" name="testGetCalendar" time="0.0" />
  <testcase classname="finale.CalendarTest" name="testGetEasterSunday" time="0.0" />
  <testcase classname="finale.CalendarTest" name="testGetEasterFriday" time="0.0" />
  <testcase classname="finale.CalendarTest" name="testGetEasterMonday" time="0.0" />
  <system-out><![CDATA[]]></system-out>
  <system-err><![CDATA[]]></system-err>
</testsuite>
